{"level":"info","message":"levantado"}
{"level":"info","message":"levantado"}
{"level":"info","message":"levantado"}
{"level":"info","message":"levantado"}
{"level":"debug","message":"causa del error: undefined"}
{"level":"debug","message":"-------------------------------------------------"}
{"level":"info","message":"levantado"}
{"level":"debug","message":"causa del error: undefined"}
{"level":"debug","message":"-------------------------------------------------"}
{"level":"info","message":"levantado"}
{"level":"debug","message":"causa del error: undefined"}
{"level":"debug","message":"-------------------------------------------------"}
{"level":"info","message":"levantado"}
{"level":"debug","message":"causa del error: LIMIT_UNEXPECTED_FILE"}
{"level":"debug","message":"-------------------------------------------------"}
{"level":"info","message":"levantado"}
{"level":"debug","message":"causa del error: LIMIT_UNEXPECTED_FILE"}
{"level":"debug","message":"-------------------------------------------------"}
{"level":"info","message":"levantado"}
{"level":"info","message":"levantado"}
{"level":"debug","message":"causa del error: undefined"}
{"level":"debug","message":"-------------------------------------------------"}
{"level":"info","message":"levantado"}
{"level":"info","message":"levantado"}
{"level":"info","message":"levantado"}
{"level":"info","message":"levantado"}
{"level":"info","message":"levantado"}
{"level":"info","message":"levantado"}
{"level":"info","message":"levantado"}
{"level":"info","message":"usuario con rol de admin logeado"}
{"level":"info","message":"levantado"}
{"level":"info","message":"usuario con rol de admin logeado"}
{"level":"info","message":"levantado"}
{"level":"info","message":"usuario con rol de admin logeado"}
{"level":"info","message":"levantado"}
{"level":"info","message":"usuario con rol de admin logeado"}
{"level":"info","message":"levantado"}
{"level":"info","message":"usuario con rol de admin logeado"}
{"level":"info","message":"levantado"}
{"level":"info","message":"usuario con rol de admin logeado"}
{"level":"info","message":"levantado"}
{"level":"info","message":"usuario con rol de admin logeado"}
{"level":"info","message":"levantado"}
{"level":"info","message":"usuario con rol de admin logeado"}
{"level":"info","message":"levantado"}
{"level":"info","message":"levantado"}
{"level":"debug","message":"causa del error: undefined"}
{"level":"debug","message":"-------------------------------------------------"}
{"level":"info","message":"levantado"}
{"level":"debug","message":"causa del error: undefined"}
{"level":"debug","message":"-------------------------------------------------"}
{"level":"info","message":"levantado"}
{"level":"debug","message":"causa del error: undefined"}
{"level":"debug","message":"-------------------------------------------------"}
{"level":"info","message":"levantado"}
{"level":"info","message":"levantado"}
{"level":"debug","message":"causa del error: undefined"}
{"level":"debug","message":"-------------------------------------------------"}
{"level":"info","message":"levantado"}
{"level":"debug","message":"causa del error: undefined"}
{"level":"debug","message":"-------------------------------------------------"}
{"level":"info","message":"levantado"}
{"level":"info","message":"levantado"}
{"level":"info","message":"levantado"}
{"level":"debug","message":"causa del error: undefined"}
{"level":"debug","message":"-------------------------------------------------"}
{"level":"info","message":"levantado"}
{"level":"info","message":"levantado"}
{"level":"info","message":"levantado"}
{"level":"info","message":"levantado"}
{"level":"info","message":"levantado"}
{"level":"info","message":"levantado"}
{"level":"info","message":"levantado"}
{"level":"info","message":"levantado"}
{"level":"info","message":"levantado"}
{"level":"info","message":"levantado"}
{"level":"info","message":"levantado"}
{"level":"info","message":"levantado"}
{"level":"info","message":"levantado"}
{"level":"info","message":"levantado"}
{"level":"info","message":"levantado"}
{"level":"info","message":"levantado"}
{"level":"info","message":"levantado"}
{"level":"info","message":"levantado"}
{"level":"info","message":"levantado"}
{"level":"info","message":"levantado"}
{"level":"info","message":"levantado"}
{"level":"info","message":"levantado"}
{"level":"info","message":"levantado"}
{"level":"info","message":"levantado"}
{"level":"info","message":"levantado"}
{"level":"info","message":"levantado"}
{"level":"info","message":"levantado"}
{"level":"info","message":"levantado"}
{"level":"info","message":"levantado"}
{"level":"info","message":"levantado"}
{"level":"info","message":"levantado"}
{"level":"info","message":"levantado"}
{"level":"info","message":"levantado"}
{"level":"info","message":"levantado"}
{"level":"info","message":"levantado"}
{"level":"info","message":"levantado"}
{"level":"info","message":"levantado"}
{"level":"info","message":"levantado"}
{"level":"info","message":"levantado"}
{"level":"info","message":"usuario con rol de admin logeado"}
{"level":"info","message":"levantado"}
{"level":"info","message":"levantado"}
{"level":"info","message":"levantado"}
{"level":"info","message":"levantado"}
{"level":"info","message":"levantado"}
{"level":"info","message":"levantado"}
{"level":"info","message":"levantado"}
{"level":"info","message":"levantado"}
{"level":"info","message":"levantado"}
{"level":"info","message":"levantado"}
{"level":"info","message":"levantado"}
{"level":"info","message":"levantado"}
{"level":"info","message":"levantado"}
{"level":"info","message":"levantado"}
{"level":"info","message":"levantado"}
{"level":"info","message":"levantado"}
{"level":"info","message":"levantado"}
{"level":"info","message":"levantado"}
{"level":"info","message":"levantado"}
{"level":"debug","message":"causa del error: Error de conexion"}
{"level":"debug","message":"-------------------------------------------------"}
{"level":"info","message":"levantado"}
{"level":"debug","message":"causa del error: Error de conexion"}
{"level":"debug","message":"-------------------------------------------------"}
{"level":"info","message":"levantado"}
{"level":"debug","message":"causa del error: Error de conexion"}
{"level":"debug","message":"-------------------------------------------------"}
{"level":"info","message":"levantado"}
{"level":"debug","message":"causa del error: Error no se a terminado de procesar los documetnos"}
{"level":"debug","message":"-------------------------------------------------"}
{"level":"info","message":"levantado"}
{"level":"info","message":"levantado"}
{"level":"debug","message":"causa del error: Error no se a terminado de procesar los documetnos"}
{"level":"debug","message":"-------------------------------------------------"}
{"level":"info","message":"levantado"}
{"level":"info","message":"levantado"}
{"level":"info","message":"levantado"}
{"level":"info","message":"levantado"}
{"level":"info","message":"levantado"}
{"level":"debug","message":"causa del error: Error no se a terminado de subir la documentacion"}
{"level":"debug","message":"-------------------------------------------------"}
{"level":"info","message":"levantado"}
{"level":"info","message":"levantado"}
{"level":"info","message":"levantado"}
{"level":"info","message":"levantado"}
{"level":"info","message":"usuario con rol de premium logeado"}
{"level":"info","message":"usuario con rol de user logeado"}
{"level":"debug","message":"causa del error: Error no se encontro usuario"}
{"level":"debug","message":"-------------------------------------------------"}
{"level":"info","message":"levantado"}
{"level":"info","message":"levantado"}
{"level":"info","message":"usuario con rol de admin logeado"}
{"level":"info","message":"levantado"}
{"level":"info","message":"usuario con rol de admin logeado"}
{"level":"info","message":"levantado"}
{"level":"info","message":"levantado"}
{"level":"info","message":"usuario con rol de admin logeado"}
{"level":"info","message":"levantado"}
{"level":"info","message":"levantado"}
{"level":"info","message":"levantado"}
{"level":"info","message":"levantado"}
{"level":"info","message":"usuario con rol de admin logeado"}
{"level":"info","message":"levantado"}
{"level":"info","message":"usuario con rol de admin logeado"}
{"level":"info","message":"levantado"}
{"level":"info","message":"usuario con rol de admin logeado"}
{"level":"info","message":"usuario con rol de admin logeado"}
{"level":"info","message":"usuario con rol de premium logeado"}
{"level":"info","message":"levantado"}
{"level":"info","message":"usuario con rol de premium logeado"}
{"level":"info","message":"levantado"}
{"level":"info","message":"levantado"}
{"level":"info","message":"levantado"}
{"level":"info","message":"levantado"}
{"level":"info","message":"levantado"}
{"level":"info","message":"levantado"}
{"level":"info","message":"usuario con rol de premium logeado"}
{"level":"info","message":"levantado"}
{"level":"info","message":"usuario con rol de admin logeado"}
{"level":"info","message":"usuario con rol de premium logeado"}
{"level":"info","message":"levantado"}
{"level":"info","message":"usuario con rol de admin logeado"}
{"level":"info","message":"usuario con rol de premium logeado"}
{"level":"info","message":"levantado"}
{"level":"info","message":"levantado"}
{"level":"info","message":"usuario con rol de admin logeado"}
{"level":"info","message":"usuario con rol de admin logeado"}
{"level":"info","message":"levantado"}
{"level":"info","message":"levantado"}
{"level":"info","message":"levantado"}
{"level":"info","message":"usuario con rol de admin logeado"}
{"level":"info","message":"levantado"}
{"level":"info","message":"levantado"}
{"level":"info","message":"levantado"}
{"level":"info","message":"levantado"}
{"level":"info","message":"usuario con rol de admin logeado"}
{"level":"info","message":"usuario con rol de admin logeado"}
{"level":"info","message":"levantado"}
{"level":"info","message":"levantado"}
{"level":"info","message":"levantado"}
{"level":"debug","message":"causa del error: Error no se a terminado de subir la documentacion"}
{"level":"debug","message":"-------------------------------------------------"}
{"level":"debug","message":"causa del error: Error no se a terminado de subir la documentacion"}
{"level":"debug","message":"-------------------------------------------------"}
{"level":"info","message":"levantado"}
{"level":"info","message":"levantado"}
{"level":"info","message":"levantado"}
{"level":"info","message":"levantado"}
{"level":"info","message":"levantado"}
{"level":"info","message":"levantado"}
{"level":"info","message":"usuario con rol de admin logeado"}
{"level":"debug","message":"causa del error: undefined"}
{"level":"debug","message":"-------------------------------------------------"}
{"level":"info","message":"levantado"}
{"level":"info","message":"usuario con rol de admin logeado"}
{"level":"debug","message":"causa del error: undefined"}
{"level":"debug","message":"-------------------------------------------------"}
{"level":"info","message":"levantado"}
{"level":"info","message":"usuario con rol de admin logeado"}
{"level":"info","message":"levantado"}
{"level":"info","message":"usuario con rol de admin logeado"}
{"level":"info","message":"levantado"}
{"level":"info","message":"levantado"}
{"level":"info","message":"levantado"}
{"level":"info","message":"usuario con rol de admin logeado"}
{"level":"info","message":"usuario con rol de admin logeado"}
{"level":"info","message":"levantado"}
{"level":"info","message":"usuario con rol de admin logeado"}
{"level":"info","message":"levantado"}
{"level":"info","message":"usuario con rol de admin logeado"}
{"level":"info","message":"levantado"}
{"level":"info","message":"levantado"}
{"level":"info","message":"levantado"}
{"level":"info","message":"usuario con rol de admin logeado"}
{"level":"info","message":"levantado"}
{"level":"info","message":"levantado"}
{"level":"info","message":"levantado"}
{"level":"info","message":"levantado"}
{"level":"info","message":"usuario con rol de admin logeado"}
{"level":"info","message":"usuario con rol de admin logeado"}
{"level":"info","message":"levantado"}
{"level":"info","message":"levantado"}
{"level":"info","message":"levantado"}
{"level":"info","message":"levantado"}
{"level":"info","message":"levantado"}
{"level":"info","message":"usuario con rol de admin logeado"}
{"level":"info","message":"levantado"}
{"level":"info","message":"usuario con rol de admin logeado"}
{"level":"info","message":"levantado"}
{"level":"info","message":"levantado"}
{"level":"info","message":"levantado"}
{"level":"info","message":"levantado"}
{"level":"info","message":"levantado"}
{"level":"info","message":"usuario con rol de admin logeado"}
{"level":"info","message":"levantado"}
{"level":"debug","message":"causa del error: Error no se a terminado de subir la documentacion"}
{"level":"debug","message":"-------------------------------------------------"}
{"level":"debug","message":"causa del error: Error no se a terminado de subir la documentacion"}
{"level":"debug","message":"-------------------------------------------------"}
{"level":"debug","message":"causa del error: Error no se a terminado de subir la documentacion"}
{"level":"debug","message":"-------------------------------------------------"}
{"level":"debug","message":"causa del error: Error no se a terminado de subir la documentacion"}
{"level":"debug","message":"-------------------------------------------------"}
{"level":"debug","message":"causa del error: Error no se a terminado de subir la documentacion"}
{"level":"debug","message":"-------------------------------------------------"}
{"level":"info","message":"levantado"}
{"level":"debug","message":"causa del error: Error no se a terminado de subir la documentacion"}
{"level":"debug","message":"-------------------------------------------------"}
{"level":"debug","message":"causa del error: Error no se a terminado de subir la documentacion"}
{"level":"debug","message":"-------------------------------------------------"}
{"level":"info","message":"levantado"}
{"level":"info","message":"levantado"}
{"level":"info","message":"levantado"}
{"level":"info","message":"levantado"}
{"level":"info","message":"levantado"}
{"level":"info","message":"levantado"}
{"level":"debug","message":"causa del error: Error no se a terminado de subir la documentacion"}
{"level":"debug","message":"-------------------------------------------------"}
{"level":"info","message":"levantado"}
{"level":"info","message":"levantado"}
{"level":"info","message":"levantado"}
{"level":"info","message":"levantado"}
{"level":"info","message":"usuario con rol de admin logeado"}
{"level":"debug","message":"causa del error: Error no se a terminado de subir la documentacion"}
{"level":"debug","message":"-------------------------------------------------"}
{"level":"debug","message":"causa del error: Error no se a terminado de subir la documentacion"}
{"level":"debug","message":"-------------------------------------------------"}
{"level":"debug","message":"causa del error: Error no se a terminado de subir la documentacion"}
{"level":"debug","message":"-------------------------------------------------"}
{"level":"debug","message":"causa del error: Error no se a terminado de subir la documentacion"}
{"level":"debug","message":"-------------------------------------------------"}
{"level":"debug","message":"causa del error: Error no se a terminado de subir la documentacion"}
{"level":"debug","message":"-------------------------------------------------"}
{"level":"info","message":"levantado"}
{"level":"info","message":"usuario con rol de admin logeado"}
{"level":"debug","message":"causa del error: Error no se a terminado de subir la documentacion"}
{"level":"debug","message":"-------------------------------------------------"}
{"level":"info","message":"levantado"}
{"level":"info","message":"levantado"}
{"level":"info","message":"levantado"}
{"level":"info","message":"levantado"}
{"level":"info","message":"levantado"}
{"level":"debug","message":"causa del error: Error no se a terminado de subir la documentacion"}
{"level":"debug","message":"-------------------------------------------------"}
{"level":"info","message":"levantado"}
{"level":"info","message":"levantado"}
{"level":"debug","message":"causa del error: Error no se a terminado de subir la documentacion"}
{"level":"debug","message":"-------------------------------------------------"}
{"level":"info","message":"usuario con rol de admin logeado"}
{"level":"debug","message":"causa del error: Error no se a terminado de subir la documentacion"}
{"level":"debug","message":"-------------------------------------------------"}
{"level":"info","message":"levantado"}
{"level":"debug","message":"causa del error: Error no se a terminado de subir la documentacion"}
{"level":"debug","message":"-------------------------------------------------"}
{"level":"info","message":"levantado"}
{"level":"debug","message":"causa del error: Error no se a terminado de subir la documentacion"}
{"level":"debug","message":"-------------------------------------------------"}
{"level":"info","message":"levantado"}
{"level":"info","message":"levantado"}
{"level":"debug","message":"causa del error: Error no se a terminado de subir la documentacion"}
{"level":"debug","message":"-------------------------------------------------"}
{"level":"debug","message":"causa del error: Error no se a terminado de subir la documentacion"}
{"level":"debug","message":"-------------------------------------------------"}
{"level":"info","message":"levantado"}
{"level":"info","message":"levantado"}
{"level":"info","message":"usuario con rol de admin logeado"}
{"level":"info","message":"levantado"}
{"level":"info","message":"levantado"}
{"level":"info","message":"levantado"}
{"level":"info","message":"levantado"}
{"level":"info","message":"levantado"}
{"level":"info","message":"usuario con rol de admin logeado"}
{"level":"debug","message":"causa del error: Error no se a terminado de subir la documentacion"}
{"level":"debug","message":"-------------------------------------------------"}
{"level":"info","message":"usuario con rol de admin logeado"}
{"level":"debug","message":"causa del error: Error no se a terminado de subir la documentacion"}
{"level":"debug","message":"-------------------------------------------------"}
{"level":"debug","message":"causa del error: Error no se a terminado de subir la documentacion"}
{"level":"debug","message":"-------------------------------------------------"}
{"level":"info","message":"usuario con rol de admin logeado"}
{"level":"info","message":"usuario con rol de premium logeado"}
{"level":"info","message":"levantado"}
{"level":"info","message":"levantado"}
{"level":"info","message":"levantado"}
{"level":"info","message":"levantado"}
{"level":"info","message":"levantado"}
{"level":"info","message":"levantado"}
{"level":"info","message":"levantado"}
{"level":"info","message":"levantado"}
{"level":"info","message":"levantado"}
{"level":"info","message":"levantado"}
{"level":"debug","message":"causa del error: undefined"}
{"level":"debug","message":"-------------------------------------------------"}
{"level":"debug","message":"causa del error: undefined"}
{"level":"debug","message":"-------------------------------------------------"}
{"level":"info","message":"levantado"}
{"level":"info","message":"levantado"}
{"level":"info","message":"levantado"}
{"level":"info","message":"levantado"}
{"level":"info","message":"levantado"}
{"level":"info","message":"levantado"}
{"level":"info","message":"levantado"}
{"level":"info","message":"levantado"}
{"level":"info","message":"levantado"}
{"level":"info","message":"levantado"}
{"level":"info","message":"levantado"}
{"level":"info","message":"levantado"}
{"level":"info","message":"levantado"}
{"level":"info","message":"levantado"}
{"level":"info","message":"levantado"}
{"level":"info","message":"levantado"}
{"level":"info","message":"levantado"}
{"level":"info","message":"usuario con rol de admin logeado"}
{"level":"info","message":"usuario con rol de premium logeado"}
{"level":"info","message":"usuario con rol de premium logeado"}
{"level":"info","message":"usuario con rol de admin logeado"}
{"level":"info","message":"usuario con rol de user logeado"}
{"level":"debug","message":"causa del error: undefined"}
{"level":"debug","message":"-------------------------------------------------"}
{"level":"debug","message":"causa del error: undefined"}
{"level":"debug","message":"-------------------------------------------------"}
{"level":"info","message":"levantado"}
{"level":"info","message":"usuario con rol de user logeado"}
{"level":"debug","message":"causa del error: undefined"}
{"level":"debug","message":"-------------------------------------------------"}
{"level":"info","message":"levantado"}
{"level":"info","message":"levantado"}
{"level":"info","message":"usuario con rol de admin logeado"}
{"level":"info","message":"usuario con rol de user logeado"}
{"level":"debug","message":"causa del error: undefined"}
{"level":"debug","message":"-------------------------------------------------"}
{"level":"info","message":"levantado"}
{"level":"info","message":"levantado"}
{"level":"info","message":"levantado"}
{"level":"info","message":"levantado"}
{"level":"info","message":"usuario con rol de user logeado"}
{"level":"debug","message":"causa del error: undefined"}
{"level":"debug","message":"-------------------------------------------------"}
{"level":"info","message":"levantado"}
{"level":"info","message":"levantado"}
{"level":"info","message":"usuario con rol de user logeado"}
{"level":"debug","message":"causa del error: undefined"}
{"level":"debug","message":"-------------------------------------------------"}
{"level":"debug","message":"causa del error: undefined"}
{"level":"debug","message":"-------------------------------------------------"}
{"level":"debug","message":"causa del error: undefined"}
{"level":"debug","message":"-------------------------------------------------"}
{"level":"info","message":"levantado"}
{"level":"info","message":"usuario con rol de user logeado"}
{"level":"info","message":"levantado"}
{"level":"info","message":"carro de id 654ffecb446bf6a07ec86234 comparado"}
{"level":"debug","message":"causa del error: undefined"}
{"level":"debug","message":"-------------------------------------------------"}
{"level":"info","message":"levantado"}
{"level":"info","message":"usuario con rol de user logeado"}
{"level":"info","message":"carro de id 654ffecb446bf6a07ec86234 comparado"}
{"level":"debug","message":"causa del error: undefined"}
{"level":"debug","message":"-------------------------------------------------"}
{"level":"info","message":"levantado"}
{"level":"info","message":"levantado"}
{"level":"info","message":"usuario con rol de user logeado"}
{"level":"info","message":"carro de id 654ffecb446bf6a07ec86234 comparado"}
{"level":"debug","message":"causa del error: undefined"}
{"level":"debug","message":"-------------------------------------------------"}
{"level":"info","message":"usuario con rol de admin logeado"}
{"level":"debug","message":"causa del error: Error no se a terminado de subir la documentacion"}
{"level":"debug","message":"-------------------------------------------------"}
{"level":"info","message":"usuario con rol de premium logeado"}
{"level":"info","message":"carro de id 654ffecb446bf6a07ec86234 comparado"}
{"level":"debug","message":"causa del error: undefined"}
{"level":"debug","message":"-------------------------------------------------"}
{"level":"debug","message":"causa del error: undefined"}
{"level":"debug","message":"-------------------------------------------------"}
{"level":"info","message":"usuario con rol de admin logeado"}
{"level":"info","message":"usuario con rol de user logeado"}
{"level":"info","message":"levantado"}
{"level":"info","message":"levantado"}
{"level":"info","message":"levantado"}
{"level":"info","message":"levantado"}
{"level":"info","message":"usuario con rol de user logeado"}
{"level":"info","message":"carro de id 66a5b26ff0caadf006c75643 comparado"}
{"level":"debug","message":"causa del error: undefined"}
{"level":"debug","message":"-------------------------------------------------"}
{"level":"info","message":"levantado"}
{"level":"info","message":"usuario con rol de user logeado"}
{"level":"info","message":"carro de id 66a5b26ff0caadf006c75643 comparado"}
{"level":"debug","message":"causa del error: undefined"}
{"level":"debug","message":"-------------------------------------------------"}
{"level":"info","message":"carro de id 66a5b26ff0caadf006c75643 comparado"}
{"level":"debug","message":"causa del error: undefined"}
{"level":"debug","message":"-------------------------------------------------"}
{"level":"debug","message":"causa del error: undefined"}
{"level":"debug","message":"-------------------------------------------------"}
{"level":"info","message":1}
{"level":"info","message":1}
{"level":"info","message":"usuario con rol de user logeado"}
{"level":"info","message":"carro de id 66a5b26ff0caadf006c75643 comparado"}
{"level":"debug","message":"causa del error: undefined"}
{"level":"debug","message":"-------------------------------------------------"}
{"level":"info","message":"levantado"}
{"level":"info","message":"usuario con rol de user logeado"}
{"level":"info","message":"levantado"}
{"level":"info","message":"levantado"}
